0 info it worked if it ends with ok
1 verbose cli [ 'C:\\Program Files\\nodejs\\node.exe',
1 verbose cli   'C:\\Users\\Paul-Emile\\AppData\\Roaming\\npm\\node_modules\\npm\\bin\\npm-cli.js',
1 verbose cli   'run',
1 verbose cli   'test',
1 verbose cli   '--',
1 verbose cli   '-u' ]
2 info using npm@3.10.5
3 info using node@v9.10.0
4 verbose run-script [ 'pretest', 'test', 'posttest' ]
5 info lifecycle boilerplate@0.0.1~pretest: boilerplate@0.0.1
6 silly lifecycle boilerplate@0.0.1~pretest: no script for pretest, continuing
7 info lifecycle boilerplate@0.0.1~test: boilerplate@0.0.1
8 verbose lifecycle boilerplate@0.0.1~test: unsafe-perm in lifecycle true
9 verbose lifecycle boilerplate@0.0.1~test: PATH: C:\Users\Paul-Emile\AppData\Roaming\npm\node_modules\npm\bin\node-gyp-bin;D:\Workspace\course\complete-react\expensify\node_modules\.bin;C:\Program Files\nodejs;C:\Program Files (x86)\Razer Chroma SDK\bin;C:\Program Files\Razer Chroma SDK\bin;C:\ProgramData\Oracle\Java\javapath;C:\WINDOWS\system32;C:\WINDOWS;C:\WINDOWS\System32\Wbem;C:\WINDOWS\System32\WindowsPowerShell\v1.0\;C:\Program Files\Git\cmd;C:\Program Files (x86)\PuTTY\;C:\Program Files (x86)\Skype\Phone\;C:\Users\Paul-Emile\AppData\Local\Programs\Python\Python35-32\Scripts\;C:\Users\Paul-Emile\AppData\Local\Programs\Python\Python35-32\;C:\Users\Paul-Emile\AppData\Local\atom\bin;C:\Users\Paul-Emile\AppData\Local\Microsoft\WindowsApps;C:\Program Files\Heroku\bin;C:\Users\Paul-Emile\AppData\Roaming\npm;C:\Program Files\MATLAB\R2017a\bin;C:\Program Files (x86)\NVIDIA Corporation\PhysX\Common;C:\Program Files (x86)\Common Files\Sage SData\;C:\WINDOWS\system32;C:\WINDOWS;C:\WINDOWS\System32\Wbem;C:\WINDOWS\System32\WindowsPowerShell\v1.0\;C:\Program Files\nodejs\;C:\Users\Paul-Emile\AppData\Local\Programs\Python\Python35-32\Scripts\;C:\Users\Paul-Emile\AppData\Local\Programs\Python\Python35-32\;C:\Users\Paul-Emile\AppData\Local\atom\bin;C:\Users\Paul-Emile\AppData\Local\Microsoft\WindowsApps;C:\Program Files\Heroku\bin;C:\Program Files\MongoDB\Server\3.2\bin;C:\Program Files\Docker Toolbox;C:\Users\Paul-Emile\AppData\Local\now-cli;C:\Users\Paul-Emile\AppData\local\Android\sdk\platform-tools;C:\Program Files\Kubernetes;C:\MinGW;%DASHLANE_DLL_DIR%;C:\Users\Paul-Emile\AppData\Roaming\npm
10 verbose lifecycle boilerplate@0.0.1~test: CWD: D:\Workspace\course\complete-react\expensify
11 silly lifecycle boilerplate@0.0.1~test: Args: [ '/d /s /c', 'jest --config=jest.config.json "-u"' ]
12 silly lifecycle boilerplate@0.0.1~test: Returned: code: 1  signal: null
13 info lifecycle boilerplate@0.0.1~test: Failed to exec test script
14 verbose stack Error: boilerplate@0.0.1 test: `jest --config=jest.config.json "-u"`
14 verbose stack Exit status 1
14 verbose stack     at EventEmitter.<anonymous> (C:\Users\Paul-Emile\AppData\Roaming\npm\node_modules\npm\lib\utils\lifecycle.js:242:16)
14 verbose stack     at EventEmitter.emit (events.js:180:13)
14 verbose stack     at ChildProcess.<anonymous> (C:\Users\Paul-Emile\AppData\Roaming\npm\node_modules\npm\lib\utils\spawn.js:40:14)
14 verbose stack     at ChildProcess.emit (events.js:180:13)
14 verbose stack     at maybeClose (internal/child_process.js:936:16)
14 verbose stack     at Process.ChildProcess._handle.onexit (internal/child_process.js:220:5)
15 verbose pkgid boilerplate@0.0.1
16 verbose cwd D:\Workspace\course\complete-react\expensify
17 error Windows_NT 10.0.16299
18 error argv "C:\\Program Files\\nodejs\\node.exe" "C:\\Users\\Paul-Emile\\AppData\\Roaming\\npm\\node_modules\\npm\\bin\\npm-cli.js" "run" "test" "--" "-u"
19 error node v9.10.0
20 error npm  v3.10.5
21 error code ELIFECYCLE
22 error boilerplate@0.0.1 test: `jest --config=jest.config.json "-u"`
22 error Exit status 1
23 error Failed at the boilerplate@0.0.1 test script 'jest --config=jest.config.json "-u"'.
23 error Make sure you have the latest version of node.js and npm installed.
23 error If you do, this is most likely a problem with the boilerplate package,
23 error not with npm itself.
23 error Tell the author that this fails on your system:
23 error     jest --config=jest.config.json "-u"
23 error You can get information on how to open an issue for this project with:
23 error     npm bugs boilerplate
23 error Or if that isn't available, you can get their info via:
23 error     npm owner ls boilerplate
23 error There is likely additional logging output above.
24 verbose exit [ 1, true ]
